[0.233s] DEBUG:colcon:Command line arguments: ['/usr/bin/colcon', 'build']
[0.233s] DEBUG:colcon:Parsed command line arguments: Namespace(log_base=None, log_level=None, verb_name='build', build_base='build', install_base='install', merge_install=False, symlink_install=False, test_result_base=None, continue_on_error=False, executor='parallel', parallel_workers=8, event_handlers=None, ignore_user_meta=False, metas=['./colcon.meta'], base_paths=['.'], packages_ignore=None, packages_ignore_regex=None, paths=None, packages_up_to=None, packages_up_to_regex=None, packages_above=None, packages_above_and_dependencies=None, packages_above_depth=None, packages_select_by_dep=None, packages_skip_by_dep=None, packages_skip_up_to=None, packages_select_build_failed=False, packages_skip_build_finished=False, packages_select_test_failures=False, packages_skip_test_passed=False, packages_select=None, packages_skip=None, packages_select_regex=None, packages_skip_regex=None, packages_start=None, packages_end=None, cmake_args=None, cmake_target=None, cmake_target_skip_unavailable=False, cmake_clean_cache=False, cmake_clean_first=False, cmake_force_configure=False, ament_cmake_args=None, catkin_cmake_args=None, catkin_skip_building_tests=False, mixin_files=None, mixin=None, verb_parser=<colcon_mixin.mixin.mixin_argument.MixinArgumentDecorator object at 0x76668da6a4d0>, verb_extension=<colcon_core.verb.build.BuildVerb object at 0x76668da69f60>, main=<bound method BuildVerb.main of <colcon_core.verb.build.BuildVerb object at 0x76668da69f60>>, mixin_verb=('build',))
[0.375s] Level 1:colcon.colcon_core.package_discovery:discover_packages(colcon_meta) check parameters
[0.376s] INFO:colcon.colcon_metadata.package_discovery.colcon_meta:Using configuration from '/root/.colcon/metadata/default/Gazebo.meta'
[0.377s] INFO:colcon.colcon_metadata.package_discovery.colcon_meta:Using configuration from '/root/.colcon/metadata/default/fastdds.meta'
[0.377s] INFO:colcon.colcon_metadata.package_discovery.colcon_meta:Using configuration from '/root/.colcon/metadata/default/fastrtps.meta'
[0.378s] Level 1:colcon.colcon_core.package_discovery:discover_packages(recursive) check parameters
[0.378s] Level 1:colcon.colcon_core.package_discovery:discover_packages(ignore) check parameters
[0.378s] Level 1:colcon.colcon_core.package_discovery:discover_packages(path) check parameters
[0.378s] Level 1:colcon.colcon_core.package_discovery:discover_packages(colcon_meta) discover
[0.378s] Level 1:colcon.colcon_core.package_discovery:discover_packages(recursive) discover
[0.378s] INFO:colcon.colcon_core.package_discovery:Crawling recursively for packages in '/aeac/workspaces/recon_ws/src'
[0.378s] Level 1:colcon.colcon_core.package_identification:_identify(.) by extensions ['ignore', 'ignore_ament_install']
[0.378s] Level 1:colcon.colcon_core.package_identification:_identify(.) by extension 'ignore'
[0.378s] Level 1:colcon.colcon_core.package_identification:_identify(.) by extension 'ignore_ament_install'
[0.378s] Level 1:colcon.colcon_core.package_identification:_identify(.) by extensions ['colcon_pkg']
[0.378s] Level 1:colcon.colcon_core.package_identification:_identify(.) by extension 'colcon_pkg'
[0.378s] Level 1:colcon.colcon_core.package_identification:_identify(.) by extensions ['colcon_meta']
[0.378s] Level 1:colcon.colcon_core.package_identification:_identify(.) by extension 'colcon_meta'
[0.378s] Level 1:colcon.colcon_core.package_identification:_identify(.) by extensions ['ros']
[0.378s] Level 1:colcon.colcon_core.package_identification:_identify(.) by extension 'ros'
[0.397s] Level 1:colcon.colcon_core.package_identification:_identify(.) by extensions ['cmake', 'python']
[0.397s] Level 1:colcon.colcon_core.package_identification:_identify(.) by extension 'cmake'
[0.397s] Level 1:colcon.colcon_core.package_identification:_identify(.) by extension 'python'
[0.397s] Level 1:colcon.colcon_core.package_identification:_identify(.) by extensions ['python_setup_py']
[0.397s] Level 1:colcon.colcon_core.package_identification:_identify(.) by extension 'python_setup_py'
[0.397s] Level 1:colcon.colcon_core.package_identification:_identify(UI) by extensions ['ignore', 'ignore_ament_install']
[0.397s] Level 1:colcon.colcon_core.package_identification:_identify(UI) by extension 'ignore'
[0.398s] Level 1:colcon.colcon_core.package_identification:_identify(UI) by extension 'ignore_ament_install'
[0.398s] Level 1:colcon.colcon_core.package_identification:_identify(UI) by extensions ['colcon_pkg']
[0.398s] Level 1:colcon.colcon_core.package_identification:_identify(UI) by extension 'colcon_pkg'
[0.398s] Level 1:colcon.colcon_core.package_identification:_identify(UI) by extensions ['colcon_meta']
[0.398s] Level 1:colcon.colcon_core.package_identification:_identify(UI) by extension 'colcon_meta'
[0.398s] Level 1:colcon.colcon_core.package_identification:_identify(UI) by extensions ['ros']
[0.398s] Level 1:colcon.colcon_core.package_identification:_identify(UI) by extension 'ros'
[0.398s] Level 1:colcon.colcon_core.package_identification:_identify(UI) by extensions ['cmake', 'python']
[0.398s] Level 1:colcon.colcon_core.package_identification:_identify(UI) by extension 'cmake'
[0.398s] Level 1:colcon.colcon_core.package_identification:_identify(UI) by extension 'python'
[0.398s] Level 1:colcon.colcon_core.package_identification:_identify(UI) by extensions ['python_setup_py']
[0.398s] Level 1:colcon.colcon_core.package_identification:_identify(UI) by extension 'python_setup_py'
[0.398s] Level 1:colcon.colcon_core.package_identification:_identify(build) by extensions ['ignore', 'ignore_ament_install']
[0.398s] Level 1:colcon.colcon_core.package_identification:_identify(build) by extension 'ignore'
[0.398s] Level 1:colcon.colcon_core.package_identification:_identify(build) ignored
[0.399s] Level 1:colcon.colcon_core.package_identification:_identify(custom_interfaces) by extensions ['ignore', 'ignore_ament_install']
[0.399s] Level 1:colcon.colcon_core.package_identification:_identify(custom_interfaces) by extension 'ignore'
[0.399s] Level 1:colcon.colcon_core.package_identification:_identify(custom_interfaces) by extension 'ignore_ament_install'
[0.399s] Level 1:colcon.colcon_core.package_identification:_identify(custom_interfaces) by extensions ['colcon_pkg']
[0.399s] Level 1:colcon.colcon_core.package_identification:_identify(custom_interfaces) by extension 'colcon_pkg'
[0.399s] Level 1:colcon.colcon_core.package_identification:_identify(custom_interfaces) by extensions ['colcon_meta']
[0.399s] Level 1:colcon.colcon_core.package_identification:_identify(custom_interfaces) by extension 'colcon_meta'
[0.399s] Level 1:colcon.colcon_core.package_identification:_identify(custom_interfaces) by extensions ['ros']
[0.399s] Level 1:colcon.colcon_core.package_identification:_identify(custom_interfaces) by extension 'ros'
[0.399s] Level 1:colcon.colcon_core.package_identification:_identify(custom_interfaces) by extensions ['cmake', 'python']
[0.399s] Level 1:colcon.colcon_core.package_identification:_identify(custom_interfaces) by extension 'cmake'
[0.399s] Level 1:colcon.colcon_core.package_identification:_identify(custom_interfaces) by extension 'python'
[0.399s] Level 1:colcon.colcon_core.package_identification:_identify(custom_interfaces) by extensions ['python_setup_py']
[0.399s] Level 1:colcon.colcon_core.package_identification:_identify(custom_interfaces) by extension 'python_setup_py'
[0.399s] Level 1:colcon.colcon_core.package_identification:_identify(install) by extensions ['ignore', 'ignore_ament_install']
[0.400s] Level 1:colcon.colcon_core.package_identification:_identify(install) by extension 'ignore'
[0.400s] Level 1:colcon.colcon_core.package_identification:_identify(install) ignored
[0.400s] Level 1:colcon.colcon_core.package_identification:_identify(log) by extensions ['ignore', 'ignore_ament_install']
[0.400s] Level 1:colcon.colcon_core.package_identification:_identify(log) by extension 'ignore'
[0.400s] Level 1:colcon.colcon_core.package_identification:_identify(log) ignored
[0.400s] Level 1:colcon.colcon_core.package_identification:_identify(nav_stack) by extensions ['ignore', 'ignore_ament_install']
[0.400s] Level 1:colcon.colcon_core.package_identification:_identify(nav_stack) by extension 'ignore'
[0.400s] Level 1:colcon.colcon_core.package_identification:_identify(nav_stack) by extension 'ignore_ament_install'
[0.400s] Level 1:colcon.colcon_core.package_identification:_identify(nav_stack) by extensions ['colcon_pkg']
[0.400s] Level 1:colcon.colcon_core.package_identification:_identify(nav_stack) by extension 'colcon_pkg'
[0.400s] Level 1:colcon.colcon_core.package_identification:_identify(nav_stack) by extensions ['colcon_meta']
[0.400s] Level 1:colcon.colcon_core.package_identification:_identify(nav_stack) by extension 'colcon_meta'
[0.400s] Level 1:colcon.colcon_core.package_identification:_identify(nav_stack) by extensions ['ros']
[0.400s] Level 1:colcon.colcon_core.package_identification:_identify(nav_stack) by extension 'ros'
[0.401s] Level 1:colcon.colcon_core.package_identification:_identify(nav_stack) by extensions ['cmake', 'python']
[0.401s] Level 1:colcon.colcon_core.package_identification:_identify(nav_stack) by extension 'cmake'
[0.401s] Level 1:colcon.colcon_core.package_identification:_identify(nav_stack) by extension 'python'
[0.401s] Level 1:colcon.colcon_core.package_identification:_identify(nav_stack) by extensions ['python_setup_py']
[0.401s] Level 1:colcon.colcon_core.package_identification:_identify(nav_stack) by extension 'python_setup_py'
[0.401s] Level 1:colcon.colcon_core.package_identification:_identify(nav_stack/nav_stack) by extensions ['ignore', 'ignore_ament_install']
[0.401s] Level 1:colcon.colcon_core.package_identification:_identify(nav_stack/nav_stack) by extension 'ignore'
[0.401s] Level 1:colcon.colcon_core.package_identification:_identify(nav_stack/nav_stack) by extension 'ignore_ament_install'
[0.401s] Level 1:colcon.colcon_core.package_identification:_identify(nav_stack/nav_stack) by extensions ['colcon_pkg']
[0.401s] Level 1:colcon.colcon_core.package_identification:_identify(nav_stack/nav_stack) by extension 'colcon_pkg'
[0.401s] Level 1:colcon.colcon_core.package_identification:_identify(nav_stack/nav_stack) by extensions ['colcon_meta']
[0.401s] Level 1:colcon.colcon_core.package_identification:_identify(nav_stack/nav_stack) by extension 'colcon_meta'
[0.401s] Level 1:colcon.colcon_core.package_identification:_identify(nav_stack/nav_stack) by extensions ['ros']
[0.401s] Level 1:colcon.colcon_core.package_identification:_identify(nav_stack/nav_stack) by extension 'ros'
[0.406s] DEBUG:colcon.colcon_core.package_identification:Package 'nav_stack/nav_stack' with type 'ros.ament_python' and name 'nav_stack'
[0.406s] Level 1:colcon.colcon_core.package_identification:_identify(state) by extensions ['ignore', 'ignore_ament_install']
[0.406s] Level 1:colcon.colcon_core.package_identification:_identify(state) by extension 'ignore'
[0.406s] Level 1:colcon.colcon_core.package_identification:_identify(state) by extension 'ignore_ament_install'
[0.406s] Level 1:colcon.colcon_core.package_identification:_identify(state) by extensions ['colcon_pkg']
[0.406s] Level 1:colcon.colcon_core.package_identification:_identify(state) by extension 'colcon_pkg'
[0.406s] Level 1:colcon.colcon_core.package_identification:_identify(state) by extensions ['colcon_meta']
[0.406s] Level 1:colcon.colcon_core.package_identification:_identify(state) by extension 'colcon_meta'
[0.407s] Level 1:colcon.colcon_core.package_identification:_identify(state) by extensions ['ros']
[0.407s] Level 1:colcon.colcon_core.package_identification:_identify(state) by extension 'ros'
[0.407s] DEBUG:colcon.colcon_core.package_identification:Package 'state' with type 'ros.ament_python' and name 'state'
[0.407s] Level 1:colcon.colcon_core.package_identification:_identify(tools) by extensions ['ignore', 'ignore_ament_install']
[0.408s] Level 1:colcon.colcon_core.package_identification:_identify(tools) by extension 'ignore'
[0.408s] Level 1:colcon.colcon_core.package_identification:_identify(tools) by extension 'ignore_ament_install'
[0.408s] Level 1:colcon.colcon_core.package_identification:_identify(tools) by extensions ['colcon_pkg']
[0.408s] Level 1:colcon.colcon_core.package_identification:_identify(tools) by extension 'colcon_pkg'
[0.408s] Level 1:colcon.colcon_core.package_identification:_identify(tools) by extensions ['colcon_meta']
[0.408s] Level 1:colcon.colcon_core.package_identification:_identify(tools) by extension 'colcon_meta'
[0.408s] Level 1:colcon.colcon_core.package_identification:_identify(tools) by extensions ['ros']
[0.408s] Level 1:colcon.colcon_core.package_identification:_identify(tools) by extension 'ros'
[0.408s] Level 1:colcon.colcon_core.package_identification:_identify(tools) by extensions ['cmake', 'python']
[0.408s] Level 1:colcon.colcon_core.package_identification:_identify(tools) by extension 'cmake'
[0.408s] Level 1:colcon.colcon_core.package_identification:_identify(tools) by extension 'python'
[0.408s] Level 1:colcon.colcon_core.package_identification:_identify(tools) by extensions ['python_setup_py']
[0.408s] Level 1:colcon.colcon_core.package_identification:_identify(tools) by extension 'python_setup_py'
[0.408s] Level 1:colcon.colcon_core.package_discovery:discover_packages(recursive) using defaults
[0.408s] Level 1:colcon.colcon_core.package_discovery:discover_packages(ignore) discover
[0.408s] Level 1:colcon.colcon_core.package_discovery:discover_packages(ignore) using defaults
[0.408s] Level 1:colcon.colcon_core.package_discovery:discover_packages(path) discover
[0.408s] Level 1:colcon.colcon_core.package_discovery:discover_packages(path) using defaults
[0.442s] Level 5:colcon.colcon_core.verb:set package 'nav_stack' build argument 'cmake_args' from command line to 'None'
[0.442s] Level 5:colcon.colcon_core.verb:set package 'nav_stack' build argument 'cmake_target' from command line to 'None'
[0.442s] Level 5:colcon.colcon_core.verb:set package 'nav_stack' build argument 'cmake_target_skip_unavailable' from command line to 'False'
[0.442s] Level 5:colcon.colcon_core.verb:set package 'nav_stack' build argument 'cmake_clean_cache' from command line to 'False'
[0.442s] Level 5:colcon.colcon_core.verb:set package 'nav_stack' build argument 'cmake_clean_first' from command line to 'False'
[0.442s] Level 5:colcon.colcon_core.verb:set package 'nav_stack' build argument 'cmake_force_configure' from command line to 'False'
[0.442s] Level 5:colcon.colcon_core.verb:set package 'nav_stack' build argument 'ament_cmake_args' from command line to 'None'
[0.442s] Level 5:colcon.colcon_core.verb:set package 'nav_stack' build argument 'catkin_cmake_args' from command line to 'None'
[0.442s] Level 5:colcon.colcon_core.verb:set package 'nav_stack' build argument 'catkin_skip_building_tests' from command line to 'False'
[0.442s] DEBUG:colcon.colcon_core.verb:Building package 'nav_stack' with the following arguments: {'ament_cmake_args': None, 'build_base': '/aeac/workspaces/recon_ws/src/build/nav_stack', 'catkin_cmake_args': None, 'catkin_skip_building_tests': False, 'cmake_args': None, 'cmake_clean_cache': False, 'cmake_clean_first': False, 'cmake_force_configure': False, 'cmake_target': None, 'cmake_target_skip_unavailable': False, 'install_base': '/aeac/workspaces/recon_ws/src/install/nav_stack', 'merge_install': False, 'path': '/aeac/workspaces/recon_ws/src/nav_stack/nav_stack', 'symlink_install': False, 'test_result_base': None}
[0.443s] Level 5:colcon.colcon_core.verb:set package 'state' build argument 'cmake_args' from command line to 'None'
[0.443s] Level 5:colcon.colcon_core.verb:set package 'state' build argument 'cmake_target' from command line to 'None'
[0.443s] Level 5:colcon.colcon_core.verb:set package 'state' build argument 'cmake_target_skip_unavailable' from command line to 'False'
[0.443s] Level 5:colcon.colcon_core.verb:set package 'state' build argument 'cmake_clean_cache' from command line to 'False'
[0.443s] Level 5:colcon.colcon_core.verb:set package 'state' build argument 'cmake_clean_first' from command line to 'False'
[0.443s] Level 5:colcon.colcon_core.verb:set package 'state' build argument 'cmake_force_configure' from command line to 'False'
[0.443s] Level 5:colcon.colcon_core.verb:set package 'state' build argument 'ament_cmake_args' from command line to 'None'
[0.443s] Level 5:colcon.colcon_core.verb:set package 'state' build argument 'catkin_cmake_args' from command line to 'None'
[0.443s] Level 5:colcon.colcon_core.verb:set package 'state' build argument 'catkin_skip_building_tests' from command line to 'False'
[0.443s] DEBUG:colcon.colcon_core.verb:Building package 'state' with the following arguments: {'ament_cmake_args': None, 'build_base': '/aeac/workspaces/recon_ws/src/build/state', 'catkin_cmake_args': None, 'catkin_skip_building_tests': False, 'cmake_args': None, 'cmake_clean_cache': False, 'cmake_clean_first': False, 'cmake_force_configure': False, 'cmake_target': None, 'cmake_target_skip_unavailable': False, 'install_base': '/aeac/workspaces/recon_ws/src/install/state', 'merge_install': False, 'path': '/aeac/workspaces/recon_ws/src/state', 'symlink_install': False, 'test_result_base': None}
[0.443s] INFO:colcon.colcon_core.executor:Executing jobs using 'parallel' executor
[0.444s] DEBUG:colcon.colcon_parallel_executor.executor.parallel:run_until_complete
[0.445s] INFO:colcon.colcon_ros.task.ament_python.build:Building ROS package in '/aeac/workspaces/recon_ws/src/nav_stack/nav_stack' with build type 'ament_python'
[0.445s] Level 1:colcon.colcon_core.shell:create_environment_hook('nav_stack', 'ament_prefix_path')
[0.450s] INFO:colcon.colcon_core.plugin_system:Skipping extension 'colcon_core.shell.bat': Not used on non-Windows systems
[0.450s] INFO:colcon.colcon_core.shell:Creating environment hook '/aeac/workspaces/recon_ws/src/install/nav_stack/share/nav_stack/hook/ament_prefix_path.ps1'
[0.452s] INFO:colcon.colcon_core.shell:Creating environment descriptor '/aeac/workspaces/recon_ws/src/install/nav_stack/share/nav_stack/hook/ament_prefix_path.dsv'
[0.453s] INFO:colcon.colcon_core.shell:Creating environment hook '/aeac/workspaces/recon_ws/src/install/nav_stack/share/nav_stack/hook/ament_prefix_path.sh'
[0.454s] INFO:colcon.colcon_core.shell:Skip shell extension 'powershell' for command environment: Not usable outside of PowerShell
[0.454s] DEBUG:colcon.colcon_core.shell:Skip shell extension 'dsv' for command environment
[0.460s] INFO:colcon.colcon_ros.task.ament_python.build:Building ROS package in '/aeac/workspaces/recon_ws/src/state' with build type 'ament_python'
[0.461s] Level 1:colcon.colcon_core.shell:create_environment_hook('state', 'ament_prefix_path')
[0.461s] INFO:colcon.colcon_core.shell:Creating environment hook '/aeac/workspaces/recon_ws/src/install/state/share/state/hook/ament_prefix_path.ps1'
[0.464s] INFO:colcon.colcon_core.shell:Creating environment descriptor '/aeac/workspaces/recon_ws/src/install/state/share/state/hook/ament_prefix_path.dsv'
[0.465s] INFO:colcon.colcon_core.shell:Creating environment hook '/aeac/workspaces/recon_ws/src/install/state/share/state/hook/ament_prefix_path.sh'
[0.467s] INFO:colcon.colcon_core.shell:Skip shell extension 'powershell' for command environment: Not usable outside of PowerShell
[0.467s] DEBUG:colcon.colcon_core.shell:Skip shell extension 'dsv' for command environment
[0.686s] INFO:colcon.colcon_core.task.python.build:Building Python package in '/aeac/workspaces/recon_ws/src/nav_stack/nav_stack'
[0.686s] INFO:colcon.colcon_core.shell:Skip shell extension 'powershell' for command environment: Not usable outside of PowerShell
[0.686s] DEBUG:colcon.colcon_core.shell:Skip shell extension 'dsv' for command environment
[0.885s] INFO:colcon.colcon_core.task.python.build:Building Python package in '/aeac/workspaces/recon_ws/src/state'
[0.885s] INFO:colcon.colcon_core.shell:Skip shell extension 'powershell' for command environment: Not usable outside of PowerShell
[0.886s] DEBUG:colcon.colcon_core.shell:Skip shell extension 'dsv' for command environment
[1.342s] DEBUG:colcon.colcon_core.event_handler.log_command:Invoking command in '/aeac/workspaces/recon_ws/src/state': PYTHONPATH=/aeac/workspaces/recon_ws/src/build/state/prefix_override:/usr/lib/python3/dist-packages/colcon_core/task/python/colcon_distutils_commands:/aeac/workspaces/recon_ws/src/install/state/lib/python3.10/site-packages: /usr/bin/python3 -W ignore:setup.py install is deprecated -W ignore:easy_install command is deprecated setup.py egg_info --egg-base ../build/state build --build-base /aeac/workspaces/recon_ws/src/build/state/build install --record /aeac/workspaces/recon_ws/src/build/state/install.log --single-version-externally-managed install_data
[1.351s] DEBUG:colcon.colcon_core.event_handler.log_command:Invoking command in '/aeac/workspaces/recon_ws/src/nav_stack/nav_stack': PYTHONPATH=/aeac/workspaces/recon_ws/src/build/nav_stack/prefix_override:/usr/lib/python3/dist-packages/colcon_core/task/python/colcon_distutils_commands:/aeac/workspaces/recon_ws/src/install/nav_stack/lib/python3.10/site-packages: /usr/bin/python3 -W ignore:setup.py install is deprecated -W ignore:easy_install command is deprecated setup.py egg_info --egg-base ../../../workspaces/recon_ws/src/build/nav_stack build --build-base /aeac/workspaces/recon_ws/src/build/nav_stack/build install --record /aeac/workspaces/recon_ws/src/build/nav_stack/install.log --single-version-externally-managed install_data
[1.614s] DEBUG:colcon.colcon_core.event_handler.log_command:Invoked command in '/aeac/workspaces/recon_ws/src/state' returned '0': PYTHONPATH=/aeac/workspaces/recon_ws/src/build/state/prefix_override:/usr/lib/python3/dist-packages/colcon_core/task/python/colcon_distutils_commands:/aeac/workspaces/recon_ws/src/install/state/lib/python3.10/site-packages: /usr/bin/python3 -W ignore:setup.py install is deprecated -W ignore:easy_install command is deprecated setup.py egg_info --egg-base ../build/state build --build-base /aeac/workspaces/recon_ws/src/build/state/build install --record /aeac/workspaces/recon_ws/src/build/state/install.log --single-version-externally-managed install_data
[1.623s] Level 1:colcon.colcon_core.environment:checking '/aeac/workspaces/recon_ws/src/install/state' for CMake module files
[1.624s] Level 1:colcon.colcon_core.environment:checking '/aeac/workspaces/recon_ws/src/install/state' for CMake config files
[1.625s] Level 1:colcon.colcon_core.environment:checking '/aeac/workspaces/recon_ws/src/install/state/lib'
[1.626s] Level 1:colcon.colcon_core.environment:checking '/aeac/workspaces/recon_ws/src/install/state/bin'
[1.626s] Level 1:colcon.colcon_core.environment:checking '/aeac/workspaces/recon_ws/src/install/state/lib/pkgconfig/state.pc'
[1.626s] Level 1:colcon.colcon_core.environment:checking '/aeac/workspaces/recon_ws/src/install/state/lib/python3.10/site-packages'
[1.626s] Level 1:colcon.colcon_core.shell:create_environment_hook('state', 'pythonpath')
[1.626s] INFO:colcon.colcon_core.shell:Creating environment hook '/aeac/workspaces/recon_ws/src/install/state/share/state/hook/pythonpath.ps1'
[1.627s] INFO:colcon.colcon_core.shell:Creating environment descriptor '/aeac/workspaces/recon_ws/src/install/state/share/state/hook/pythonpath.dsv'
[1.628s] INFO:colcon.colcon_core.shell:Creating environment hook '/aeac/workspaces/recon_ws/src/install/state/share/state/hook/pythonpath.sh'
[1.629s] Level 1:colcon.colcon_core.environment:checking '/aeac/workspaces/recon_ws/src/install/state/bin'
[1.629s] Level 1:colcon.colcon_core.environment:create_environment_scripts_only(state)
[1.630s] INFO:colcon.colcon_core.shell:Creating package script '/aeac/workspaces/recon_ws/src/install/state/share/state/package.ps1'
[1.631s] INFO:colcon.colcon_core.shell:Creating package descriptor '/aeac/workspaces/recon_ws/src/install/state/share/state/package.dsv'
[1.632s] INFO:colcon.colcon_core.shell:Creating package script '/aeac/workspaces/recon_ws/src/install/state/share/state/package.sh'
[1.634s] INFO:colcon.colcon_core.shell:Creating package script '/aeac/workspaces/recon_ws/src/install/state/share/state/package.bash'
[1.635s] INFO:colcon.colcon_core.shell:Creating package script '/aeac/workspaces/recon_ws/src/install/state/share/state/package.zsh'
[1.636s] Level 1:colcon.colcon_core.environment:create_file_with_runtime_dependencies(/aeac/workspaces/recon_ws/src/install/state/share/colcon-core/packages/state)
[1.639s] Level 1:colcon.colcon_core.environment:checking '/aeac/workspaces/recon_ws/src/install/nav_stack' for CMake module files
[1.640s] DEBUG:colcon.colcon_core.event_handler.log_command:Invoked command in '/aeac/workspaces/recon_ws/src/nav_stack/nav_stack' returned '0': PYTHONPATH=/aeac/workspaces/recon_ws/src/build/nav_stack/prefix_override:/usr/lib/python3/dist-packages/colcon_core/task/python/colcon_distutils_commands:/aeac/workspaces/recon_ws/src/install/nav_stack/lib/python3.10/site-packages: /usr/bin/python3 -W ignore:setup.py install is deprecated -W ignore:easy_install command is deprecated setup.py egg_info --egg-base ../../../workspaces/recon_ws/src/build/nav_stack build --build-base /aeac/workspaces/recon_ws/src/build/nav_stack/build install --record /aeac/workspaces/recon_ws/src/build/nav_stack/install.log --single-version-externally-managed install_data
[1.641s] Level 1:colcon.colcon_core.environment:checking '/aeac/workspaces/recon_ws/src/install/nav_stack' for CMake config files
[1.641s] Level 1:colcon.colcon_core.environment:checking '/aeac/workspaces/recon_ws/src/install/nav_stack/lib'
[1.641s] Level 1:colcon.colcon_core.environment:checking '/aeac/workspaces/recon_ws/src/install/nav_stack/bin'
[1.641s] Level 1:colcon.colcon_core.environment:checking '/aeac/workspaces/recon_ws/src/install/nav_stack/lib/pkgconfig/nav_stack.pc'
[1.642s] Level 1:colcon.colcon_core.environment:checking '/aeac/workspaces/recon_ws/src/install/nav_stack/lib/python3.10/site-packages'
[1.642s] Level 1:colcon.colcon_core.shell:create_environment_hook('nav_stack', 'pythonpath')
[1.642s] INFO:colcon.colcon_core.shell:Creating environment hook '/aeac/workspaces/recon_ws/src/install/nav_stack/share/nav_stack/hook/pythonpath.ps1'
[1.642s] INFO:colcon.colcon_core.shell:Creating environment descriptor '/aeac/workspaces/recon_ws/src/install/nav_stack/share/nav_stack/hook/pythonpath.dsv'
[1.643s] INFO:colcon.colcon_core.shell:Creating environment hook '/aeac/workspaces/recon_ws/src/install/nav_stack/share/nav_stack/hook/pythonpath.sh'
[1.643s] Level 1:colcon.colcon_core.environment:checking '/aeac/workspaces/recon_ws/src/install/nav_stack/bin'
[1.644s] Level 1:colcon.colcon_core.environment:create_environment_scripts_only(nav_stack)
[1.644s] INFO:colcon.colcon_core.shell:Creating package script '/aeac/workspaces/recon_ws/src/install/nav_stack/share/nav_stack/package.ps1'
[1.644s] INFO:colcon.colcon_core.shell:Creating package descriptor '/aeac/workspaces/recon_ws/src/install/nav_stack/share/nav_stack/package.dsv'
[1.645s] INFO:colcon.colcon_core.shell:Creating package script '/aeac/workspaces/recon_ws/src/install/nav_stack/share/nav_stack/package.sh'
[1.647s] INFO:colcon.colcon_core.shell:Creating package script '/aeac/workspaces/recon_ws/src/install/nav_stack/share/nav_stack/package.bash'
[1.648s] INFO:colcon.colcon_core.shell:Creating package script '/aeac/workspaces/recon_ws/src/install/nav_stack/share/nav_stack/package.zsh'
[1.649s] Level 1:colcon.colcon_core.environment:create_file_with_runtime_dependencies(/aeac/workspaces/recon_ws/src/install/nav_stack/share/colcon-core/packages/nav_stack)
[1.650s] DEBUG:colcon.colcon_parallel_executor.executor.parallel:closing loop
[1.651s] DEBUG:colcon.colcon_parallel_executor.executor.parallel:loop closed
[1.651s] DEBUG:colcon.colcon_parallel_executor.executor.parallel:run_until_complete finished with '0'
[1.651s] DEBUG:colcon.colcon_core.event_reactor:joining thread
[1.666s] INFO:colcon.colcon_core.plugin_system:Skipping extension 'colcon_notification.desktop_notification.notify_send': Could not find 'notify-send'
[1.666s] INFO:colcon.colcon_core.plugin_system:Skipping extension 'colcon_notification.desktop_notification.terminal_notifier': Not used on non-Darwin systems
[1.666s] INFO:colcon.colcon_core.plugin_system:Skipping extension 'colcon_notification.desktop_notification.win32': Not used on non-Windows systems
[1.666s] INFO:colcon.colcon_notification.desktop_notification:Sending desktop notification using 'notify2'
[1.666s] DEBUG:colcon.colcon_notification.desktop_notification.notify2:Failed to initialize notify2: org.freedesktop.DBus.Error.NotSupported: Unable to autolaunch a dbus-daemon without a $DISPLAY for X11
[1.667s] DEBUG:colcon.colcon_core.event_reactor:joined thread
[1.667s] INFO:colcon.colcon_core.shell:Creating prefix script '/aeac/workspaces/recon_ws/src/install/local_setup.ps1'
[1.668s] INFO:colcon.colcon_core.shell:Creating prefix util module '/aeac/workspaces/recon_ws/src/install/_local_setup_util_ps1.py'
[1.671s] INFO:colcon.colcon_core.shell:Creating prefix chain script '/aeac/workspaces/recon_ws/src/install/setup.ps1'
[1.673s] INFO:colcon.colcon_core.shell:Creating prefix script '/aeac/workspaces/recon_ws/src/install/local_setup.sh'
[1.674s] INFO:colcon.colcon_core.shell:Creating prefix util module '/aeac/workspaces/recon_ws/src/install/_local_setup_util_sh.py'
[1.675s] INFO:colcon.colcon_core.shell:Creating prefix chain script '/aeac/workspaces/recon_ws/src/install/setup.sh'
[1.676s] INFO:colcon.colcon_core.shell:Creating prefix script '/aeac/workspaces/recon_ws/src/install/local_setup.bash'
[1.677s] INFO:colcon.colcon_core.shell:Creating prefix chain script '/aeac/workspaces/recon_ws/src/install/setup.bash'
[1.678s] INFO:colcon.colcon_core.shell:Creating prefix script '/aeac/workspaces/recon_ws/src/install/local_setup.zsh'
[1.679s] INFO:colcon.colcon_core.shell:Creating prefix chain script '/aeac/workspaces/recon_ws/src/install/setup.zsh'
