running egg_info
creating ../../../workspaces/recon_ws/src/build/nav_stack/nav_stack.egg-info
writing ../../../workspaces/recon_ws/src/build/nav_stack/nav_stack.egg-info/PKG-INFO
writing dependency_links to ../../../workspaces/recon_ws/src/build/nav_stack/nav_stack.egg-info/dependency_links.txt
writing entry points to ../../../workspaces/recon_ws/src/build/nav_stack/nav_stack.egg-info/entry_points.txt
writing requirements to ../../../workspaces/recon_ws/src/build/nav_stack/nav_stack.egg-info/requires.txt
writing top-level names to ../../../workspaces/recon_ws/src/build/nav_stack/nav_stack.egg-info/top_level.txt
writing manifest file '../../../workspaces/recon_ws/src/build/nav_stack/nav_stack.egg-info/SOURCES.txt'
reading manifest file '../../../workspaces/recon_ws/src/build/nav_stack/nav_stack.egg-info/SOURCES.txt'
writing manifest file '../../../workspaces/recon_ws/src/build/nav_stack/nav_stack.egg-info/SOURCES.txt'
running build
running build_py
creating /aeac/workspaces/recon_ws/src/build/nav_stack/build
creating /aeac/workspaces/recon_ws/src/build/nav_stack/build/lib
creating /aeac/workspaces/recon_ws/src/build/nav_stack/build/lib/nav_stack
copying nav_stack/lap.py -> /aeac/workspaces/recon_ws/src/build/nav_stack/build/lib/nav_stack
copying nav_stack/__init__.py -> /aeac/workspaces/recon_ws/src/build/nav_stack/build/lib/nav_stack
copying nav_stack/scan.py -> /aeac/workspaces/recon_ws/src/build/nav_stack/build/lib/nav_stack
running install
running install_lib
creating /aeac/workspaces/recon_ws/src/install/nav_stack/lib/python3.10/site-packages/nav_stack
copying /aeac/workspaces/recon_ws/src/build/nav_stack/build/lib/nav_stack/lap.py -> /aeac/workspaces/recon_ws/src/install/nav_stack/lib/python3.10/site-packages/nav_stack
copying /aeac/workspaces/recon_ws/src/build/nav_stack/build/lib/nav_stack/__init__.py -> /aeac/workspaces/recon_ws/src/install/nav_stack/lib/python3.10/site-packages/nav_stack
copying /aeac/workspaces/recon_ws/src/build/nav_stack/build/lib/nav_stack/scan.py -> /aeac/workspaces/recon_ws/src/install/nav_stack/lib/python3.10/site-packages/nav_stack
byte-compiling /aeac/workspaces/recon_ws/src/install/nav_stack/lib/python3.10/site-packages/nav_stack/lap.py to lap.cpython-310.pyc
byte-compiling /aeac/workspaces/recon_ws/src/install/nav_stack/lib/python3.10/site-packages/nav_stack/__init__.py to __init__.cpython-310.pyc
byte-compiling /aeac/workspaces/recon_ws/src/install/nav_stack/lib/python3.10/site-packages/nav_stack/scan.py to scan.cpython-310.pyc
running install_data
creating /aeac/workspaces/recon_ws/src/install/nav_stack/share/ament_index
creating /aeac/workspaces/recon_ws/src/install/nav_stack/share/ament_index/resource_index
creating /aeac/workspaces/recon_ws/src/install/nav_stack/share/ament_index/resource_index/packages
copying resource/nav_stack -> /aeac/workspaces/recon_ws/src/install/nav_stack/share/ament_index/resource_index/packages
copying package.xml -> /aeac/workspaces/recon_ws/src/install/nav_stack/share/nav_stack
running install_egg_info
Copying ../../../workspaces/recon_ws/src/build/nav_stack/nav_stack.egg-info to /aeac/workspaces/recon_ws/src/install/nav_stack/lib/python3.10/site-packages/nav_stack-0.0.0-py3.10.egg-info
running install_scripts
Installing lap script to /aeac/workspaces/recon_ws/src/install/nav_stack/lib/nav_stack
Installing scan script to /aeac/workspaces/recon_ws/src/install/nav_stack/lib/nav_stack
writing list of installed files to '/aeac/workspaces/recon_ws/src/build/nav_stack/install.log'
