[0.905s] Invoking command in '/aeac/workspaces/recon_ws/src/nav_stack/nav_stack': PYTHONPATH=/aeac/workspaces/recon_ws/src/build/nav_stack/prefix_override:/usr/lib/python3/dist-packages/colcon_core/task/python/colcon_distutils_commands:/aeac/workspaces/recon_ws/src/install/nav_stack/lib/python3.10/site-packages: /usr/bin/python3 -W ignore:setup.py install is deprecated -W ignore:easy_install command is deprecated setup.py egg_info --egg-base ../../../workspaces/recon_ws/src/build/nav_stack build --build-base /aeac/workspaces/recon_ws/src/build/nav_stack/build install --record /aeac/workspaces/recon_ws/src/build/nav_stack/install.log --single-version-externally-managed install_data
[1.086s] running egg_info
[1.087s] creating ../../../workspaces/recon_ws/src/build/nav_stack/nav_stack.egg-info
[1.088s] writing ../../../workspaces/recon_ws/src/build/nav_stack/nav_stack.egg-info/PKG-INFO
[1.088s] writing dependency_links to ../../../workspaces/recon_ws/src/build/nav_stack/nav_stack.egg-info/dependency_links.txt
[1.088s] writing entry points to ../../../workspaces/recon_ws/src/build/nav_stack/nav_stack.egg-info/entry_points.txt
[1.089s] writing requirements to ../../../workspaces/recon_ws/src/build/nav_stack/nav_stack.egg-info/requires.txt
[1.089s] writing top-level names to ../../../workspaces/recon_ws/src/build/nav_stack/nav_stack.egg-info/top_level.txt
[1.089s] writing manifest file '../../../workspaces/recon_ws/src/build/nav_stack/nav_stack.egg-info/SOURCES.txt'
[1.091s] reading manifest file '../../../workspaces/recon_ws/src/build/nav_stack/nav_stack.egg-info/SOURCES.txt'
[1.092s] writing manifest file '../../../workspaces/recon_ws/src/build/nav_stack/nav_stack.egg-info/SOURCES.txt'
[1.092s] running build
[1.093s] running build_py
[1.093s] creating /aeac/workspaces/recon_ws/src/build/nav_stack/build
[1.094s] creating /aeac/workspaces/recon_ws/src/build/nav_stack/build/lib
[1.094s] creating /aeac/workspaces/recon_ws/src/build/nav_stack/build/lib/nav_stack
[1.095s] copying nav_stack/lap.py -> /aeac/workspaces/recon_ws/src/build/nav_stack/build/lib/nav_stack
[1.095s] copying nav_stack/__init__.py -> /aeac/workspaces/recon_ws/src/build/nav_stack/build/lib/nav_stack
[1.095s] copying nav_stack/scan.py -> /aeac/workspaces/recon_ws/src/build/nav_stack/build/lib/nav_stack
[1.096s] running install
[1.096s] running install_lib
[1.097s] creating /aeac/workspaces/recon_ws/src/install/nav_stack/lib/python3.10/site-packages/nav_stack
[1.098s] copying /aeac/workspaces/recon_ws/src/build/nav_stack/build/lib/nav_stack/lap.py -> /aeac/workspaces/recon_ws/src/install/nav_stack/lib/python3.10/site-packages/nav_stack
[1.098s] copying /aeac/workspaces/recon_ws/src/build/nav_stack/build/lib/nav_stack/__init__.py -> /aeac/workspaces/recon_ws/src/install/nav_stack/lib/python3.10/site-packages/nav_stack
[1.098s] copying /aeac/workspaces/recon_ws/src/build/nav_stack/build/lib/nav_stack/scan.py -> /aeac/workspaces/recon_ws/src/install/nav_stack/lib/python3.10/site-packages/nav_stack
[1.099s] byte-compiling /aeac/workspaces/recon_ws/src/install/nav_stack/lib/python3.10/site-packages/nav_stack/lap.py to lap.cpython-310.pyc
[1.099s] byte-compiling /aeac/workspaces/recon_ws/src/install/nav_stack/lib/python3.10/site-packages/nav_stack/__init__.py to __init__.cpython-310.pyc
[1.100s] byte-compiling /aeac/workspaces/recon_ws/src/install/nav_stack/lib/python3.10/site-packages/nav_stack/scan.py to scan.cpython-310.pyc
[1.100s] running install_data
[1.100s] creating /aeac/workspaces/recon_ws/src/install/nav_stack/share/ament_index
[1.101s] creating /aeac/workspaces/recon_ws/src/install/nav_stack/share/ament_index/resource_index
[1.101s] creating /aeac/workspaces/recon_ws/src/install/nav_stack/share/ament_index/resource_index/packages
[1.102s] copying resource/nav_stack -> /aeac/workspaces/recon_ws/src/install/nav_stack/share/ament_index/resource_index/packages
[1.102s] copying package.xml -> /aeac/workspaces/recon_ws/src/install/nav_stack/share/nav_stack
[1.102s] running install_egg_info
[1.105s] Copying ../../../workspaces/recon_ws/src/build/nav_stack/nav_stack.egg-info to /aeac/workspaces/recon_ws/src/install/nav_stack/lib/python3.10/site-packages/nav_stack-0.0.0-py3.10.egg-info
[1.106s] running install_scripts
[1.135s] Installing lap script to /aeac/workspaces/recon_ws/src/install/nav_stack/lib/nav_stack
[1.137s] Installing scan script to /aeac/workspaces/recon_ws/src/install/nav_stack/lib/nav_stack
[1.137s] writing list of installed files to '/aeac/workspaces/recon_ws/src/build/nav_stack/install.log'
[1.194s] Invoked command in '/aeac/workspaces/recon_ws/src/nav_stack/nav_stack' returned '0': PYTHONPATH=/aeac/workspaces/recon_ws/src/build/nav_stack/prefix_override:/usr/lib/python3/dist-packages/colcon_core/task/python/colcon_distutils_commands:/aeac/workspaces/recon_ws/src/install/nav_stack/lib/python3.10/site-packages: /usr/bin/python3 -W ignore:setup.py install is deprecated -W ignore:easy_install command is deprecated setup.py egg_info --egg-base ../../../workspaces/recon_ws/src/build/nav_stack build --build-base /aeac/workspaces/recon_ws/src/build/nav_stack/build install --record /aeac/workspaces/recon_ws/src/build/nav_stack/install.log --single-version-externally-managed install_data
