running egg_info
creating ../build/state/state.egg-info
writing ../build/state/state.egg-info/PKG-INFO
writing dependency_links to ../build/state/state.egg-info/dependency_links.txt
writing entry points to ../build/state/state.egg-info/entry_points.txt
writing requirements to ../build/state/state.egg-info/requires.txt
writing top-level names to ../build/state/state.egg-info/top_level.txt
writing manifest file '../build/state/state.egg-info/SOURCES.txt'
reading manifest file '../build/state/state.egg-info/SOURCES.txt'
writing manifest file '../build/state/state.egg-info/SOURCES.txt'
running build
running build_py
creating /aeac/workspaces/recon_ws/src/build/state/build
creating /aeac/workspaces/recon_ws/src/build/state/build/lib
creating /aeac/workspaces/recon_ws/src/build/state/build/lib/state
copying state/__init__.py -> /aeac/workspaces/recon_ws/src/build/state/build/lib/state
running install
running install_lib
creating /aeac/workspaces/recon_ws/src/install/state/lib/python3.10/site-packages/state
copying /aeac/workspaces/recon_ws/src/build/state/build/lib/state/__init__.py -> /aeac/workspaces/recon_ws/src/install/state/lib/python3.10/site-packages/state
byte-compiling /aeac/workspaces/recon_ws/src/install/state/lib/python3.10/site-packages/state/__init__.py to __init__.cpython-310.pyc
running install_data
creating /aeac/workspaces/recon_ws/src/install/state/share/ament_index
creating /aeac/workspaces/recon_ws/src/install/state/share/ament_index/resource_index
creating /aeac/workspaces/recon_ws/src/install/state/share/ament_index/resource_index/packages
copying resource/state -> /aeac/workspaces/recon_ws/src/install/state/share/ament_index/resource_index/packages
copying package.xml -> /aeac/workspaces/recon_ws/src/install/state/share/state
running install_egg_info
Copying ../build/state/state.egg-info to /aeac/workspaces/recon_ws/src/install/state/lib/python3.10/site-packages/state-0.0.0-py3.10.egg-info
running install_scripts
writing list of installed files to '/aeac/workspaces/recon_ws/src/build/state/install.log'
