[0.881s] Invoking command in '/aeac/workspaces/recon_ws/src/state': PYTHONPATH=/aeac/workspaces/recon_ws/src/build/state/prefix_override:/usr/lib/python3/dist-packages/colcon_core/task/python/colcon_distutils_commands:/aeac/workspaces/recon_ws/src/install/state/lib/python3.10/site-packages: /usr/bin/python3 -W ignore:setup.py install is deprecated -W ignore:easy_install command is deprecated setup.py egg_info --egg-base ../build/state build --build-base /aeac/workspaces/recon_ws/src/build/state/build install --record /aeac/workspaces/recon_ws/src/build/state/install.log --single-version-externally-managed install_data
[1.065s] running egg_info
[1.066s] creating ../build/state/state.egg-info
[1.066s] writing ../build/state/state.egg-info/PKG-INFO
[1.067s] writing dependency_links to ../build/state/state.egg-info/dependency_links.txt
[1.067s] writing entry points to ../build/state/state.egg-info/entry_points.txt
[1.067s] writing requirements to ../build/state/state.egg-info/requires.txt
[1.067s] writing top-level names to ../build/state/state.egg-info/top_level.txt
[1.067s] writing manifest file '../build/state/state.egg-info/SOURCES.txt'
[1.069s] reading manifest file '../build/state/state.egg-info/SOURCES.txt'
[1.070s] writing manifest file '../build/state/state.egg-info/SOURCES.txt'
[1.070s] running build
[1.070s] running build_py
[1.070s] creating /aeac/workspaces/recon_ws/src/build/state/build
[1.071s] creating /aeac/workspaces/recon_ws/src/build/state/build/lib
[1.071s] creating /aeac/workspaces/recon_ws/src/build/state/build/lib/state
[1.072s] copying state/__init__.py -> /aeac/workspaces/recon_ws/src/build/state/build/lib/state
[1.073s] running install
[1.073s] running install_lib
[1.074s] creating /aeac/workspaces/recon_ws/src/install/state/lib/python3.10/site-packages/state
[1.074s] copying /aeac/workspaces/recon_ws/src/build/state/build/lib/state/__init__.py -> /aeac/workspaces/recon_ws/src/install/state/lib/python3.10/site-packages/state
[1.075s] byte-compiling /aeac/workspaces/recon_ws/src/install/state/lib/python3.10/site-packages/state/__init__.py to __init__.cpython-310.pyc
[1.076s] running install_data
[1.076s] creating /aeac/workspaces/recon_ws/src/install/state/share/ament_index
[1.077s] creating /aeac/workspaces/recon_ws/src/install/state/share/ament_index/resource_index
[1.078s] creating /aeac/workspaces/recon_ws/src/install/state/share/ament_index/resource_index/packages
[1.078s] copying resource/state -> /aeac/workspaces/recon_ws/src/install/state/share/ament_index/resource_index/packages
[1.079s] copying package.xml -> /aeac/workspaces/recon_ws/src/install/state/share/state
[1.079s] running install_egg_info
[1.081s] Copying ../build/state/state.egg-info to /aeac/workspaces/recon_ws/src/install/state/lib/python3.10/site-packages/state-0.0.0-py3.10.egg-info
[1.083s] running install_scripts
[1.106s] writing list of installed files to '/aeac/workspaces/recon_ws/src/build/state/install.log'
[1.153s] Invoked command in '/aeac/workspaces/recon_ws/src/state' returned '0': PYTHONPATH=/aeac/workspaces/recon_ws/src/build/state/prefix_override:/usr/lib/python3/dist-packages/colcon_core/task/python/colcon_distutils_commands:/aeac/workspaces/recon_ws/src/install/state/lib/python3.10/site-packages: /usr/bin/python3 -W ignore:setup.py install is deprecated -W ignore:easy_install command is deprecated setup.py egg_info --egg-base ../build/state build --build-base /aeac/workspaces/recon_ws/src/build/state/build install --record /aeac/workspaces/recon_ws/src/build/state/install.log --single-version-externally-managed install_data
